<?xml version="1.0" encoding="UTF-8"?>
<!-- Generated by org.testng.reporters.JUnitReportReporter -->
<testsuite skipped="0" hostname="DESKTOP-RJBVGQA" name="com.cognizant.tests.LoginTest" tests="1" failures="0" timestamp="2020-06-20T20:31:25 IST" time="14.814" errors="0">
  <testcase name="loginTest" time="14.814" classname="com.cognizant.tests.LoginTest"/>
  <system-out/>
</testsuite> <!-- com.cognizant.tests.LoginTest -->
