<?xml version="1.0" encoding="UTF-8"?>
<!-- Generated by org.testng.reporters.JUnitReportReporter -->
<testsuite skipped="0" hostname="DESKTOP-RJBVGQA" name="com.cognizant.tests.CabsPageTest" tests="1" failures="0" timestamp="2020-06-22T00:51:38 IST" time="37.390" errors="0">
  <testcase name="testCabsPage" time="37.390" classname="com.cognizant.tests.CabsPageTest"/>
  <system-out/>
</testsuite> <!-- com.cognizant.tests.CabsPageTest -->
